<?xml version="1.0" encoding="UTF-8"?>
<testsuite name="com.moonpeter.book.springboot.web.IndexControllerTest" tests="1" skipped="0" failures="0" errors="0" timestamp="2020-07-24T02:34:27" hostname="purpleworksui-MacBookPro.local" time="0.219">
  <properties/>
  <testcase name="메인페이지_로딩" classname="com.moonpeter.book.springboot.web.IndexControllerTest" time="0.219"/>
  <system-out><![CDATA[2020-07-24 11:34:23.490  INFO 7417 --- [    Test worker] .b.t.c.SpringBootTestContextBootstrapper : Neither @ContextConfiguration nor @ContextHierarchy found for test class [com.moonpeter.book.springboot.web.IndexControllerTest], using SpringBootContextLoader
2020-07-24 11:34:23.491  INFO 7417 --- [    Test worker] o.s.t.c.support.AbstractContextLoader    : Could not detect default resource locations for test class [com.moonpeter.book.springboot.web.IndexControllerTest]: no resource found for suffixes {-context.xml, Context.groovy}.
2020-07-24 11:34:23.492  INFO 7417 --- [    Test worker] t.c.s.AnnotationConfigContextLoaderUtils : Could not detect default configuration classes for test class [com.moonpeter.book.springboot.web.IndexControllerTest]: IndexControllerTest does not declare any static, non-private, non-final, nested classes annotated with @Configuration.
2020-07-24 11:34:23.494  INFO 7417 --- [    Test worker] .b.t.c.SpringBootTestContextBootstrapper : Found @SpringBootConfiguration com.moonpeter.book.springboot.Application for test class com.moonpeter.book.springboot.web.IndexControllerTest
2020-07-24 11:34:23.497  INFO 7417 --- [    Test worker] .b.t.c.SpringBootTestContextBootstrapper : Loaded default TestExecutionListener class names from location [META-INF/spring.factories]: [org.springframework.security.test.context.support.WithSecurityContextTestExecutionListener, org.springframework.security.test.context.support.ReactorContextTestExecutionListener, org.springframework.boot.test.autoconfigure.restdocs.RestDocsTestExecutionListener, org.springframework.boot.test.autoconfigure.web.client.MockRestServiceServerResetTestExecutionListener, org.springframework.boot.test.autoconfigure.web.servlet.MockMvcPrintOnlyOnFailureTestExecutionListener, org.springframework.boot.test.autoconfigure.web.servlet.WebDriverTestExecutionListener, org.springframework.boot.test.mock.mockito.MockitoTestExecutionListener, org.springframework.boot.test.mock.mockito.ResetMocksTestExecutionListener, org.springframework.test.context.web.ServletTestExecutionListener, org.springframework.test.context.support.DirtiesContextBeforeModesTestExecutionListener, org.springframework.test.context.support.DependencyInjectionTestExecutionListener, org.springframework.test.context.support.DirtiesContextTestExecutionListener, org.springframework.test.context.transaction.TransactionalTestExecutionListener, org.springframework.test.context.jdbc.SqlScriptsTestExecutionListener]
2020-07-24 11:34:23.498  INFO 7417 --- [    Test worker] .b.t.c.SpringBootTestContextBootstrapper : Using TestExecutionListeners: [org.springframework.test.context.web.ServletTestExecutionListener@613ffb75, org.springframework.test.context.support.DirtiesContextBeforeModesTestExecutionListener@adfcdc5, org.springframework.boot.test.mock.mockito.MockitoTestExecutionListener@4b5185a5, org.springframework.boot.test.autoconfigure.SpringBootDependencyInjectionTestExecutionListener@62bc381a, org.springframework.test.context.support.DirtiesContextTestExecutionListener@7c46836b, org.springframework.test.context.transaction.TransactionalTestExecutionListener@883d8c3, org.springframework.test.context.jdbc.SqlScriptsTestExecutionListener@4fb808db, org.springframework.security.test.context.support.WithSecurityContextTestExecutionListener@4c4795de, org.springframework.security.test.context.support.ReactorContextTestExecutionListener@4520ae6, org.springframework.boot.test.autoconfigure.restdocs.RestDocsTestExecutionListener@12019f6f, org.springframework.boot.test.autoconfigure.web.client.MockRestServiceServerResetTestExecutionListener@1d70a324, org.springframework.boot.test.autoconfigure.web.servlet.MockMvcPrintOnlyOnFailureTestExecutionListener@6d692c31, org.springframework.boot.test.autoconfigure.web.servlet.WebDriverTestExecutionListener@79780e40, org.springframework.boot.test.mock.mockito.ResetMocksTestExecutionListener@671c0ce7]

  .   ____          _            __ _ _
 /\\ / ___'_ __ _ _(_)_ __  __ _ \ \ \ \
( ( )\___ | '_ | '_| | '_ \/ _` | \ \ \ \
 \\/  ___)| |_)| | | | | || (_| |  ) ) ) )
  '  |____| .__|_| |_|_| |_\__, | / / / /
 =========|_|==============|___/=/_/_/_/
 :: Spring Boot ::        (v2.1.7.RELEASE)

2020-07-24 11:34:23.524  INFO 7417 --- [    Test worker] c.m.b.s.web.IndexControllerTest          : Starting IndexControllerTest on purpleworksui-MacBookPro.local with PID 7417 (started by purpleworks in /Users/purpleworks/projects/self/book-sprignboot22-webservice)
2020-07-24 11:34:23.525  INFO 7417 --- [    Test worker] c.m.b.s.web.IndexControllerTest          : No active profile set, falling back to default profiles: default
2020-07-24 11:34:23.869  INFO 7417 --- [    Test worker] .s.d.r.c.RepositoryConfigurationDelegate : Bootstrapping Spring Data repositories in DEFAULT mode.
2020-07-24 11:34:23.935  INFO 7417 --- [    Test worker] .s.d.r.c.RepositoryConfigurationDelegate : Finished Spring Data repository scanning in 59ms. Found 2 repository interfaces.
2020-07-24 11:34:24.193  INFO 7417 --- [    Test worker] trationDelegate$BeanPostProcessorChecker : Bean 'org.springframework.transaction.annotation.ProxyTransactionManagementConfiguration' of type [org.springframework.transaction.annotation.ProxyTransactionManagementConfiguration$$EnhancerBySpringCGLIB$$2a78f840] is not eligible for getting processed by all BeanPostProcessors (for example: not eligible for auto-proxying)
2020-07-24 11:34:24.488  INFO 7417 --- [    Test worker] o.s.b.w.embedded.tomcat.TomcatWebServer  : Tomcat initialized with port(s): 0 (http)
2020-07-24 11:34:24.516  INFO 7417 --- [    Test worker] o.apache.catalina.core.StandardService   : Starting service [Tomcat]
2020-07-24 11:34:24.517  INFO 7417 --- [    Test worker] org.apache.catalina.core.StandardEngine  : Starting Servlet engine: [Apache Tomcat/9.0.22]
2020-07-24 11:34:24.652  INFO 7417 --- [    Test worker] o.a.c.c.C.[Tomcat].[localhost].[/]       : Initializing Spring embedded WebApplicationContext
2020-07-24 11:34:24.653  INFO 7417 --- [    Test worker] o.s.web.context.ContextLoader            : Root WebApplicationContext: initialization completed in 1126 ms
2020-07-24 11:34:24.924  INFO 7417 --- [    Test worker] com.zaxxer.hikari.HikariDataSource       : HikariPool-1 - Starting...
2020-07-24 11:34:25.125  INFO 7417 --- [    Test worker] com.zaxxer.hikari.HikariDataSource       : HikariPool-1 - Start completed.
2020-07-24 11:34:25.225  INFO 7417 --- [    Test worker] o.hibernate.jpa.internal.util.LogHelper  : HHH000204: Processing PersistenceUnitInfo [
	name: default
	...]
2020-07-24 11:34:25.294  INFO 7417 --- [    Test worker] org.hibernate.Version                    : HHH000412: Hibernate Core {5.3.10.Final}
2020-07-24 11:34:25.298  INFO 7417 --- [    Test worker] org.hibernate.cfg.Environment            : HHH000206: hibernate.properties not found
2020-07-24 11:34:25.355  INFO 7417 --- [    Test worker] o.hibernate.annotations.common.Version   : HCANN000001: Hibernate Commons Annotations {5.0.4.Final}
2020-07-24 11:34:25.511  INFO 7417 --- [    Test worker] org.hibernate.dialect.Dialect            : HHH000400: Using dialect: org.hibernate.dialect.MySQL5InnoDBDialect
Hibernate: drop table if exists posts
Hibernate: drop table if exists user
Hibernate: create table posts (id bigint not null auto_increment, created_date datetime, modified_date datetime, author varchar(255), content TEXT not null, title varchar(500) not null, primary key (id)) engine=InnoDB
Hibernate: create table user (id bigint not null auto_increment, created_date datetime, modified_date datetime, email varchar(255) not null, name varchar(255) not null, picture varchar(255), role varchar(255) not null, primary key (id)) engine=InnoDB
2020-07-24 11:34:26.354  INFO 7417 --- [    Test worker] o.h.t.schema.internal.SchemaCreatorImpl  : HHH000476: Executing import script 'org.hibernate.tool.schema.internal.exec.ScriptSourceInputNonExistentImpl@50c0759b'
2020-07-24 11:34:26.357  INFO 7417 --- [    Test worker] j.LocalContainerEntityManagerFactoryBean : Initialized JPA EntityManagerFactory for persistence unit 'default'
2020-07-24 11:34:27.000  INFO 7417 --- [    Test worker] o.h.h.i.QueryTranslatorFactoryInitiator  : HHH000397: Using ASTQueryTranslatorFactory
2020-07-24 11:34:27.270  INFO 7417 --- [    Test worker] o.s.s.web.DefaultSecurityFilterChain     : Creating filter chain: any request, [org.springframework.security.web.context.request.async.WebAsyncManagerIntegrationFilter@68e83500, org.springframework.security.web.context.SecurityContextPersistenceFilter@126f2291, org.springframework.security.web.header.HeaderWriterFilter@9cda05f, org.springframework.security.web.authentication.logout.LogoutFilter@7b48640b, org.springframework.security.oauth2.client.web.OAuth2AuthorizationRequestRedirectFilter@257e13cd, org.springframework.security.oauth2.client.web.OAuth2LoginAuthenticationFilter@110ac416, org.springframework.security.web.authentication.ui.DefaultLoginPageGeneratingFilter@10d8a72b, org.springframework.security.web.authentication.ui.DefaultLogoutPageGeneratingFilter@6ebb518b, org.springframework.security.web.savedrequest.RequestCacheAwareFilter@1bfa2103, org.springframework.security.web.servletapi.SecurityContextHolderAwareRequestFilter@7fd1a57b, org.springframework.security.web.authentication.AnonymousAuthenticationFilter@29d6023e, org.springframework.security.web.session.SessionManagementFilter@8fce341, org.springframework.security.web.access.ExceptionTranslationFilter@39761d52, org.springframework.security.web.access.intercept.FilterSecurityInterceptor@49d4e79b]
2020-07-24 11:34:27.470  INFO 7417 --- [    Test worker] o.s.s.concurrent.ThreadPoolTaskExecutor  : Initializing ExecutorService 'applicationTaskExecutor'
2020-07-24 11:34:27.487  WARN 7417 --- [    Test worker] aWebConfiguration$JpaWebMvcConfiguration : spring.jpa.open-in-view is enabled by default. Therefore, database queries may be performed during view rendering. Explicitly configure spring.jpa.open-in-view to disable this warning
2020-07-24 11:34:27.519  INFO 7417 --- [    Test worker] o.s.b.a.w.s.WelcomePageHandlerMapping    : Adding welcome page template: index
2020-07-24 11:34:27.870  INFO 7417 --- [    Test worker] s.a.ScheduledAnnotationBeanPostProcessor : No TaskScheduler/ScheduledExecutorService bean found for scheduled processing
2020-07-24 11:34:27.894  INFO 7417 --- [    Test worker] o.s.b.w.embedded.tomcat.TomcatWebServer  : Tomcat started on port(s): 53404 (http) with context path ''
2020-07-24 11:34:27.895  INFO 7417 --- [    Test worker] c.m.b.s.web.IndexControllerTest          : Started IndexControllerTest in 4.395 seconds (JVM running for 7.948)
2020-07-24 11:34:27.988  INFO 7417 --- [o-auto-1-exec-1] o.a.c.c.C.[Tomcat].[localhost].[/]       : Initializing Spring DispatcherServlet 'dispatcherServlet'
2020-07-24 11:34:27.988  INFO 7417 --- [o-auto-1-exec-1] o.s.web.servlet.DispatcherServlet        : Initializing Servlet 'dispatcherServlet'
2020-07-24 11:34:28.004  INFO 7417 --- [o-auto-1-exec-1] o.s.web.servlet.DispatcherServlet        : Completed initialization in 16 ms
Hibernate: select posts0_.id as id1_0_, posts0_.created_date as created_2_0_, posts0_.modified_date as modified3_0_, posts0_.author as author4_0_, posts0_.content as content5_0_, posts0_.title as title6_0_ from posts posts0_ order by posts0_.id DESC
]]></system-out>
  <system-err><![CDATA[]]></system-err>
</testsuite>
