<?xml version="1.0" encoding="UTF-8"?>
<testsuite name="com.moonpeter.book.springboot.web.HelloControllerTest" tests="2" skipped="0" failures="0" errors="0" timestamp="2020-07-24T02:34:23" hostname="purpleworksui-MacBookPro.local" time="0.31">
  <properties/>
  <testcase name="hello가_리턴된다" classname="com.moonpeter.book.springboot.web.HelloControllerTest" time="0.219"/>
  <testcase name="helloDto가_리턴된다" classname="com.moonpeter.book.springboot.web.HelloControllerTest" time="0.09"/>
  <system-out><![CDATA[11:34:20.521 [Test worker] DEBUG org.springframework.test.context.junit4.SpringJUnit4ClassRunner - SpringJUnit4ClassRunner constructor called with [class com.moonpeter.book.springboot.web.HelloControllerTest]
11:34:20.529 [Test worker] DEBUG org.springframework.test.context.BootstrapUtils - Instantiating CacheAwareContextLoaderDelegate from class [org.springframework.test.context.cache.DefaultCacheAwareContextLoaderDelegate]
11:34:20.536 [Test worker] DEBUG org.springframework.test.context.BootstrapUtils - Instantiating BootstrapContext using constructor [public org.springframework.test.context.support.DefaultBootstrapContext(java.lang.Class,org.springframework.test.context.CacheAwareContextLoaderDelegate)]
11:34:20.557 [Test worker] DEBUG org.springframework.test.context.BootstrapUtils - Instantiating TestContextBootstrapper for test class [com.moonpeter.book.springboot.web.HelloControllerTest] from class [org.springframework.boot.test.autoconfigure.web.servlet.WebMvcTestContextBootstrapper]
11:34:20.573 [Test worker] INFO org.springframework.boot.test.autoconfigure.web.servlet.WebMvcTestContextBootstrapper - Neither @ContextConfiguration nor @ContextHierarchy found for test class [com.moonpeter.book.springboot.web.HelloControllerTest], using SpringBootContextLoader
11:34:20.576 [Test worker] DEBUG org.springframework.test.context.support.AbstractContextLoader - Did not detect default resource location for test class [com.moonpeter.book.springboot.web.HelloControllerTest]: class path resource [com/moonpeter/book/springboot/web/HelloControllerTest-context.xml] does not exist
11:34:20.576 [Test worker] DEBUG org.springframework.test.context.support.AbstractContextLoader - Did not detect default resource location for test class [com.moonpeter.book.springboot.web.HelloControllerTest]: class path resource [com/moonpeter/book/springboot/web/HelloControllerTestContext.groovy] does not exist
11:34:20.577 [Test worker] INFO org.springframework.test.context.support.AbstractContextLoader - Could not detect default resource locations for test class [com.moonpeter.book.springboot.web.HelloControllerTest]: no resource found for suffixes {-context.xml, Context.groovy}.
11:34:20.577 [Test worker] INFO org.springframework.test.context.support.AnnotationConfigContextLoaderUtils - Could not detect default configuration classes for test class [com.moonpeter.book.springboot.web.HelloControllerTest]: HelloControllerTest does not declare any static, non-private, non-final, nested classes annotated with @Configuration.
11:34:20.648 [Test worker] DEBUG org.springframework.test.context.support.ActiveProfilesUtils - Could not find an 'annotation declaring class' for annotation type [org.springframework.test.context.ActiveProfiles] and class [com.moonpeter.book.springboot.web.HelloControllerTest]
11:34:20.724 [Test worker] DEBUG org.springframework.context.annotation.ClassPathScanningCandidateComponentProvider - Identified candidate component class: file [/Users/purpleworks/projects/self/book-sprignboot22-webservice/build/classes/java/main/com/moonpeter/book/springboot/Application.class]
11:34:20.727 [Test worker] INFO org.springframework.boot.test.context.SpringBootTestContextBootstrapper - Found @SpringBootConfiguration com.moonpeter.book.springboot.Application for test class com.moonpeter.book.springboot.web.HelloControllerTest
11:34:20.730 [Test worker] DEBUG org.springframework.boot.test.autoconfigure.web.servlet.WebMvcTestContextBootstrapper - @TestExecutionListeners is not present for class [com.moonpeter.book.springboot.web.HelloControllerTest]: using defaults.
11:34:20.730 [Test worker] INFO org.springframework.boot.test.autoconfigure.web.servlet.WebMvcTestContextBootstrapper - Loaded default TestExecutionListener class names from location [META-INF/spring.factories]: [org.springframework.security.test.context.support.WithSecurityContextTestExecutionListener, org.springframework.security.test.context.support.ReactorContextTestExecutionListener, org.springframework.boot.test.autoconfigure.restdocs.RestDocsTestExecutionListener, org.springframework.boot.test.autoconfigure.web.client.MockRestServiceServerResetTestExecutionListener, org.springframework.boot.test.autoconfigure.web.servlet.MockMvcPrintOnlyOnFailureTestExecutionListener, org.springframework.boot.test.autoconfigure.web.servlet.WebDriverTestExecutionListener, org.springframework.boot.test.mock.mockito.MockitoTestExecutionListener, org.springframework.boot.test.mock.mockito.ResetMocksTestExecutionListener, org.springframework.test.context.web.ServletTestExecutionListener, org.springframework.test.context.support.DirtiesContextBeforeModesTestExecutionListener, org.springframework.test.context.support.DependencyInjectionTestExecutionListener, org.springframework.test.context.support.DirtiesContextTestExecutionListener, org.springframework.test.context.transaction.TransactionalTestExecutionListener, org.springframework.test.context.jdbc.SqlScriptsTestExecutionListener]
11:34:20.748 [Test worker] INFO org.springframework.boot.test.autoconfigure.web.servlet.WebMvcTestContextBootstrapper - Using TestExecutionListeners: [org.springframework.test.context.web.ServletTestExecutionListener@1b6293d9, org.springframework.test.context.support.DirtiesContextBeforeModesTestExecutionListener@da3814, org.springframework.boot.test.mock.mockito.MockitoTestExecutionListener@7a8d58e5, org.springframework.boot.test.autoconfigure.SpringBootDependencyInjectionTestExecutionListener@7f88218e, org.springframework.test.context.support.DirtiesContextTestExecutionListener@70fb99fd, org.springframework.test.context.transaction.TransactionalTestExecutionListener@2130156e, org.springframework.test.context.jdbc.SqlScriptsTestExecutionListener@31ea3bdd, org.springframework.security.test.context.support.WithSecurityContextTestExecutionListener@fd0e83f, org.springframework.security.test.context.support.ReactorContextTestExecutionListener@2348bc49, org.springframework.boot.test.autoconfigure.restdocs.RestDocsTestExecutionListener@2f2462b, org.springframework.boot.test.autoconfigure.web.client.MockRestServiceServerResetTestExecutionListener@62a6a17b, org.springframework.boot.test.autoconfigure.web.servlet.MockMvcPrintOnlyOnFailureTestExecutionListener@6a3f2c00, org.springframework.boot.test.autoconfigure.web.servlet.WebDriverTestExecutionListener@cf37ffa, org.springframework.boot.test.mock.mockito.ResetMocksTestExecutionListener@1ca0a351]
11:34:20.751 [Test worker] DEBUG org.springframework.test.annotation.ProfileValueUtils - Retrieved @ProfileValueSourceConfiguration [null] for test class [com.moonpeter.book.springboot.web.HelloControllerTest]
11:34:20.751 [Test worker] DEBUG org.springframework.test.annotation.ProfileValueUtils - Retrieved ProfileValueSource type [class org.springframework.test.annotation.SystemProfileValueSource] for class [com.moonpeter.book.springboot.web.HelloControllerTest]
11:34:20.752 [Test worker] DEBUG org.springframework.test.annotation.ProfileValueUtils - Retrieved @ProfileValueSourceConfiguration [null] for test class [com.moonpeter.book.springboot.web.HelloControllerTest]
11:34:20.752 [Test worker] DEBUG org.springframework.test.annotation.ProfileValueUtils - Retrieved ProfileValueSource type [class org.springframework.test.annotation.SystemProfileValueSource] for class [com.moonpeter.book.springboot.web.HelloControllerTest]
11:34:20.756 [Test worker] DEBUG org.springframework.test.context.support.AbstractDirtiesContextTestExecutionListener - Before test class: context [DefaultTestContext@431bfe25 testClass = HelloControllerTest, testInstance = [null], testMethod = [null], testException = [null], mergedContextConfiguration = [WebMergedContextConfiguration@17971a46 testClass = HelloControllerTest, locations = '{}', classes = '{class com.moonpeter.book.springboot.Application}', contextInitializerClasses = '[]', activeProfiles = '{}', propertySourceLocations = '{}', propertySourceProperties = '{org.springframework.boot.test.autoconfigure.web.servlet.WebMvcTestContextBootstrapper=true}', contextCustomizers = set[org.springframework.boot.test.autoconfigure.OverrideAutoConfigurationContextCustomizerFactory$DisableAutoConfigurationContextCustomizer@3142bd33, org.springframework.boot.test.autoconfigure.filter.TypeExcludeFiltersContextCustomizer@3091d965, org.springframework.boot.test.autoconfigure.properties.PropertyMappingContextCustomizer@b0114a58, org.springframework.boot.test.autoconfigure.web.servlet.WebDriverContextCustomizerFactory$Customizer@377076b6, [ImportsContextCustomizer@46529057 key = [org.springframework.boot.autoconfigure.cache.CacheAutoConfiguration, org.springframework.boot.autoconfigure.context.MessageSourceAutoConfiguration, org.springframework.boot.autoconfigure.data.web.SpringDataWebAutoConfiguration, org.springframework.boot.autoconfigure.freemarker.FreeMarkerAutoConfiguration, org.springframework.boot.autoconfigure.groovy.template.GroovyTemplateAutoConfiguration, org.springframework.boot.autoconfigure.gson.GsonAutoConfiguration, org.springframework.boot.autoconfigure.hateoas.HypermediaAutoConfiguration, org.springframework.boot.autoconfigure.http.HttpMessageConvertersAutoConfiguration, org.springframework.boot.autoconfigure.jackson.JacksonAutoConfiguration, org.springframework.boot.autoconfigure.jsonb.JsonbAutoConfiguration, org.springframework.boot.autoconfigure.mustache.MustacheAutoConfiguration, org.springframework.boot.autoconfigure.task.TaskExecutionAutoConfiguration, org.springframework.boot.autoconfigure.thymeleaf.ThymeleafAutoConfiguration, org.springframework.boot.autoconfigure.validation.ValidationAutoConfiguration, org.springframework.boot.autoconfigure.web.servlet.error.ErrorMvcAutoConfiguration, org.springframework.boot.autoconfigure.web.servlet.WebMvcAutoConfiguration, org.springframework.boot.test.autoconfigure.web.servlet.MockMvcAutoConfiguration, org.springframework.boot.test.autoconfigure.web.servlet.MockMvcSecurityAutoConfiguration, org.springframework.boot.test.autoconfigure.web.servlet.MockMvcWebClientAutoConfiguration, org.springframework.boot.test.autoconfigure.web.servlet.MockMvcWebDriverAutoConfiguration]], org.springframework.boot.test.context.filter.ExcludeFilterContextCustomizer@1520b1d0, org.springframework.boot.test.json.DuplicateJsonObjectContextCustomizerFactory$DuplicateJsonObjectContextCustomizer@a799b7f, org.springframework.boot.test.mock.mockito.MockitoContextCustomizer@0], resourceBasePath = 'src/main/webapp', contextLoader = 'org.springframework.boot.test.context.SpringBootContextLoader', parent = [null]], attributes = map[[empty]]], class annotated with @DirtiesContext [false] with mode [null].
11:34:20.757 [Test worker] DEBUG org.springframework.test.annotation.ProfileValueUtils - Retrieved @ProfileValueSourceConfiguration [null] for test class [com.moonpeter.book.springboot.web.HelloControllerTest]
11:34:20.757 [Test worker] DEBUG org.springframework.test.annotation.ProfileValueUtils - Retrieved ProfileValueSource type [class org.springframework.test.annotation.SystemProfileValueSource] for class [com.moonpeter.book.springboot.web.HelloControllerTest]
11:34:20.762 [Test worker] DEBUG org.springframework.test.context.support.DependencyInjectionTestExecutionListener - Performing dependency injection for test context [[DefaultTestContext@431bfe25 testClass = HelloControllerTest, testInstance = com.moonpeter.book.springboot.web.HelloControllerTest@45a66892, testMethod = [null], testException = [null], mergedContextConfiguration = [WebMergedContextConfiguration@17971a46 testClass = HelloControllerTest, locations = '{}', classes = '{class com.moonpeter.book.springboot.Application}', contextInitializerClasses = '[]', activeProfiles = '{}', propertySourceLocations = '{}', propertySourceProperties = '{org.springframework.boot.test.autoconfigure.web.servlet.WebMvcTestContextBootstrapper=true}', contextCustomizers = set[org.springframework.boot.test.autoconfigure.OverrideAutoConfigurationContextCustomizerFactory$DisableAutoConfigurationContextCustomizer@3142bd33, org.springframework.boot.test.autoconfigure.filter.TypeExcludeFiltersContextCustomizer@3091d965, org.springframework.boot.test.autoconfigure.properties.PropertyMappingContextCustomizer@b0114a58, org.springframework.boot.test.autoconfigure.web.servlet.WebDriverContextCustomizerFactory$Customizer@377076b6, [ImportsContextCustomizer@46529057 key = [org.springframework.boot.autoconfigure.cache.CacheAutoConfiguration, org.springframework.boot.autoconfigure.context.MessageSourceAutoConfiguration, org.springframework.boot.autoconfigure.data.web.SpringDataWebAutoConfiguration, org.springframework.boot.autoconfigure.freemarker.FreeMarkerAutoConfiguration, org.springframework.boot.autoconfigure.groovy.template.GroovyTemplateAutoConfiguration, org.springframework.boot.autoconfigure.gson.GsonAutoConfiguration, org.springframework.boot.autoconfigure.hateoas.HypermediaAutoConfiguration, org.springframework.boot.autoconfigure.http.HttpMessageConvertersAutoConfiguration, org.springframework.boot.autoconfigure.jackson.JacksonAutoConfiguration, org.springframework.boot.autoconfigure.jsonb.JsonbAutoConfiguration, org.springframework.boot.autoconfigure.mustache.MustacheAutoConfiguration, org.springframework.boot.autoconfigure.task.TaskExecutionAutoConfiguration, org.springframework.boot.autoconfigure.thymeleaf.ThymeleafAutoConfiguration, org.springframework.boot.autoconfigure.validation.ValidationAutoConfiguration, org.springframework.boot.autoconfigure.web.servlet.error.ErrorMvcAutoConfiguration, org.springframework.boot.autoconfigure.web.servlet.WebMvcAutoConfiguration, org.springframework.boot.test.autoconfigure.web.servlet.MockMvcAutoConfiguration, org.springframework.boot.test.autoconfigure.web.servlet.MockMvcSecurityAutoConfiguration, org.springframework.boot.test.autoconfigure.web.servlet.MockMvcWebClientAutoConfiguration, org.springframework.boot.test.autoconfigure.web.servlet.MockMvcWebDriverAutoConfiguration]], org.springframework.boot.test.context.filter.ExcludeFilterContextCustomizer@1520b1d0, org.springframework.boot.test.json.DuplicateJsonObjectContextCustomizerFactory$DuplicateJsonObjectContextCustomizer@a799b7f, org.springframework.boot.test.mock.mockito.MockitoContextCustomizer@0], resourceBasePath = 'src/main/webapp', contextLoader = 'org.springframework.boot.test.context.SpringBootContextLoader', parent = [null]], attributes = map[[empty]]]].
11:34:20.894 [Test worker] DEBUG org.springframework.test.context.support.TestPropertySourceUtils - Adding inlined properties to environment: {spring.jmx.enabled=false, org.springframework.boot.test.autoconfigure.web.servlet.WebMvcTestContextBootstrapper=true, server.port=-1}

  .   ____          _            __ _ _
 /\\ / ___'_ __ _ _(_)_ __  __ _ \ \ \ \
( ( )\___ | '_ | '_| | '_ \/ _` | \ \ \ \
 \\/  ___)| |_)| | | | | || (_| |  ) ) ) )
  '  |____| .__|_| |_|_| |_\__, | / / / /
 =========|_|==============|___/=/_/_/_/
 :: Spring Boot ::        (v2.1.7.RELEASE)

2020-07-24 11:34:21.093  INFO 7417 --- [    Test worker] c.m.b.s.web.HelloControllerTest          : Starting HelloControllerTest on purpleworksui-MacBookPro.local with PID 7417 (started by purpleworks in /Users/purpleworks/projects/self/book-sprignboot22-webservice)
2020-07-24 11:34:21.097  INFO 7417 --- [    Test worker] c.m.b.s.web.HelloControllerTest          : No active profile set, falling back to default profiles: default
2020-07-24 11:34:22.396  INFO 7417 --- [    Test worker] o.s.s.concurrent.ThreadPoolTaskExecutor  : Initializing ExecutorService 'applicationTaskExecutor'
2020-07-24 11:34:22.484  INFO 7417 --- [    Test worker] o.s.b.a.w.s.WelcomePageHandlerMapping    : Adding welcome page template: index
2020-07-24 11:34:22.785  INFO 7417 --- [    Test worker] .s.s.UserDetailsServiceAutoConfiguration : 

Using generated security password: 34dd90f8-0e7f-43cc-97dc-c200cde2ccd0

2020-07-24 11:34:23.033  INFO 7417 --- [    Test worker] o.s.s.web.DefaultSecurityFilterChain     : Creating filter chain: any request, [org.springframework.security.web.context.request.async.WebAsyncManagerIntegrationFilter@85d5481, org.springframework.security.web.context.SecurityContextPersistenceFilter@26ef6d22, org.springframework.security.web.header.HeaderWriterFilter@37324434, org.springframework.security.web.csrf.CsrfFilter@7bf2e597, org.springframework.security.web.authentication.logout.LogoutFilter@76148c83, org.springframework.security.web.authentication.UsernamePasswordAuthenticationFilter@696c9499, org.springframework.security.web.authentication.ui.DefaultLoginPageGeneratingFilter@2fe009e2, org.springframework.security.web.authentication.ui.DefaultLogoutPageGeneratingFilter@330a6a03, org.springframework.security.web.authentication.www.BasicAuthenticationFilter@e0655fb, org.springframework.security.web.savedrequest.RequestCacheAwareFilter@2011ccb2, org.springframework.security.web.servletapi.SecurityContextHolderAwareRequestFilter@710b86e6, org.springframework.security.web.authentication.AnonymousAuthenticationFilter@60a95839, org.springframework.security.web.session.SessionManagementFilter@45b32409, org.springframework.security.web.access.ExceptionTranslationFilter@6a2bff47, org.springframework.security.web.access.intercept.FilterSecurityInterceptor@629490e4]
2020-07-24 11:34:23.070  INFO 7417 --- [    Test worker] o.s.b.t.m.w.SpringBootMockServletContext : Initializing Spring TestDispatcherServlet ''
2020-07-24 11:34:23.070  INFO 7417 --- [    Test worker] o.s.t.web.servlet.TestDispatcherServlet  : Initializing Servlet ''
2020-07-24 11:34:23.081  INFO 7417 --- [    Test worker] o.s.t.web.servlet.TestDispatcherServlet  : Completed initialization in 11 ms
2020-07-24 11:34:23.122  INFO 7417 --- [    Test worker] c.m.b.s.web.HelloControllerTest          : Started HelloControllerTest in 2.22 seconds (JVM running for 3.175)
]]></system-out>
  <system-err><![CDATA[]]></system-err>
</testsuite>
