<?xml version="1.0" encoding="UTF-8"?>
<testsuite name="com.moonpeter.book.springboot.web.dto.HelloResponseDtoTest" tests="1" skipped="0" failures="0" errors="0" timestamp="2020-07-23T08:57:45" hostname="purpleworksui-MacBookPro.local" time="0.059">
  <properties/>
  <testcase name="롬복_기능_테스트" classname="com.moonpeter.book.springboot.web.dto.HelloResponseDtoTest" time="0.059"/>
  <system-out><![CDATA[]]></system-out>
  <system-err><![CDATA[]]></system-err>
</testsuite>
