<?xml version="1.0" encoding="UTF-8"?>
<testsuite name="com.moonpeter.book.springboot.web.PostsApiControllerTest" tests="2" skipped="0" failures="0" errors="0" timestamp="2020-07-24T02:34:28" hostname="purpleworksui-MacBookPro.local" time="0.201">
  <properties/>
  <testcase name="Posts_등록된다" classname="com.moonpeter.book.springboot.web.PostsApiControllerTest" time="0.164"/>
  <testcase name="Posts_수정된다" classname="com.moonpeter.book.springboot.web.PostsApiControllerTest" time="0.035"/>
  <system-out><![CDATA[2020-07-24 11:34:28.123  INFO 7417 --- [    Test worker] .b.t.c.SpringBootTestContextBootstrapper : Neither @ContextConfiguration nor @ContextHierarchy found for test class [com.moonpeter.book.springboot.web.PostsApiControllerTest], using SpringBootContextLoader
2020-07-24 11:34:28.124  INFO 7417 --- [    Test worker] o.s.t.c.support.AbstractContextLoader    : Could not detect default resource locations for test class [com.moonpeter.book.springboot.web.PostsApiControllerTest]: no resource found for suffixes {-context.xml, Context.groovy}.
2020-07-24 11:34:28.124  INFO 7417 --- [    Test worker] t.c.s.AnnotationConfigContextLoaderUtils : Could not detect default configuration classes for test class [com.moonpeter.book.springboot.web.PostsApiControllerTest]: PostsApiControllerTest does not declare any static, non-private, non-final, nested classes annotated with @Configuration.
2020-07-24 11:34:28.125  INFO 7417 --- [    Test worker] .b.t.c.SpringBootTestContextBootstrapper : Found @SpringBootConfiguration com.moonpeter.book.springboot.Application for test class com.moonpeter.book.springboot.web.PostsApiControllerTest
2020-07-24 11:34:28.126  INFO 7417 --- [    Test worker] .b.t.c.SpringBootTestContextBootstrapper : Loaded default TestExecutionListener class names from location [META-INF/spring.factories]: [org.springframework.security.test.context.support.WithSecurityContextTestExecutionListener, org.springframework.security.test.context.support.ReactorContextTestExecutionListener, org.springframework.boot.test.autoconfigure.restdocs.RestDocsTestExecutionListener, org.springframework.boot.test.autoconfigure.web.client.MockRestServiceServerResetTestExecutionListener, org.springframework.boot.test.autoconfigure.web.servlet.MockMvcPrintOnlyOnFailureTestExecutionListener, org.springframework.boot.test.autoconfigure.web.servlet.WebDriverTestExecutionListener, org.springframework.boot.test.mock.mockito.MockitoTestExecutionListener, org.springframework.boot.test.mock.mockito.ResetMocksTestExecutionListener, org.springframework.test.context.web.ServletTestExecutionListener, org.springframework.test.context.support.DirtiesContextBeforeModesTestExecutionListener, org.springframework.test.context.support.DependencyInjectionTestExecutionListener, org.springframework.test.context.support.DirtiesContextTestExecutionListener, org.springframework.test.context.transaction.TransactionalTestExecutionListener, org.springframework.test.context.jdbc.SqlScriptsTestExecutionListener]
2020-07-24 11:34:28.127  INFO 7417 --- [    Test worker] .b.t.c.SpringBootTestContextBootstrapper : Using TestExecutionListeners: [org.springframework.test.context.web.ServletTestExecutionListener@5bc8865, org.springframework.test.context.support.DirtiesContextBeforeModesTestExecutionListener@41192c65, org.springframework.boot.test.mock.mockito.MockitoTestExecutionListener@1b7f5635, org.springframework.boot.test.autoconfigure.SpringBootDependencyInjectionTestExecutionListener@7e7b9af4, org.springframework.test.context.support.DirtiesContextTestExecutionListener@1f65dafe, org.springframework.test.context.transaction.TransactionalTestExecutionListener@1717a773, org.springframework.test.context.jdbc.SqlScriptsTestExecutionListener@76b8955a, org.springframework.security.test.context.support.WithSecurityContextTestExecutionListener@54360d43, org.springframework.security.test.context.support.ReactorContextTestExecutionListener@65b59f11, org.springframework.boot.test.autoconfigure.restdocs.RestDocsTestExecutionListener@4f3380eb, org.springframework.boot.test.autoconfigure.web.client.MockRestServiceServerResetTestExecutionListener@7d93ce12, org.springframework.boot.test.autoconfigure.web.servlet.MockMvcPrintOnlyOnFailureTestExecutionListener@192b88f6, org.springframework.boot.test.autoconfigure.web.servlet.WebDriverTestExecutionListener@50afc1d5, org.springframework.boot.test.mock.mockito.ResetMocksTestExecutionListener@3c827f3]
2020-07-24 11:34:28.135  INFO 7417 --- [    Test worker] o.a.c.c.C.[Tomcat].[localhost].[/]       : Initializing Spring TestDispatcherServlet ''
2020-07-24 11:34:28.135  INFO 7417 --- [    Test worker] o.s.t.web.servlet.TestDispatcherServlet  : Initializing Servlet ''
2020-07-24 11:34:28.139  INFO 7417 --- [    Test worker] o.s.t.web.servlet.TestDispatcherServlet  : Completed initialization in 4 ms
Hibernate: insert into posts (created_date, modified_date, author, content, title) values (?, ?, ?, ?, ?)
Hibernate: select posts0_.id as id1_0_, posts0_.created_date as created_2_0_, posts0_.modified_date as modified3_0_, posts0_.author as author4_0_, posts0_.content as content5_0_, posts0_.title as title6_0_ from posts posts0_
Hibernate: select posts0_.id as id1_0_, posts0_.created_date as created_2_0_, posts0_.modified_date as modified3_0_, posts0_.author as author4_0_, posts0_.content as content5_0_, posts0_.title as title6_0_ from posts posts0_
Hibernate: delete from posts where id=?
2020-07-24 11:34:28.298  INFO 7417 --- [    Test worker] o.a.c.c.C.[Tomcat].[localhost].[/]       : Initializing Spring TestDispatcherServlet ''
2020-07-24 11:34:28.299  INFO 7417 --- [    Test worker] o.s.t.web.servlet.TestDispatcherServlet  : Initializing Servlet ''
2020-07-24 11:34:28.302  INFO 7417 --- [    Test worker] o.s.t.web.servlet.TestDispatcherServlet  : Completed initialization in 3 ms
Hibernate: insert into posts (created_date, modified_date, author, content, title) values (?, ?, ?, ?, ?)
Hibernate: select posts0_.id as id1_0_0_, posts0_.created_date as created_2_0_0_, posts0_.modified_date as modified3_0_0_, posts0_.author as author4_0_0_, posts0_.content as content5_0_0_, posts0_.title as title6_0_0_ from posts posts0_ where posts0_.id=?
Hibernate: update posts set created_date=?, modified_date=?, author=?, content=?, title=? where id=?
Hibernate: select posts0_.id as id1_0_, posts0_.created_date as created_2_0_, posts0_.modified_date as modified3_0_, posts0_.author as author4_0_, posts0_.content as content5_0_, posts0_.title as title6_0_ from posts posts0_
Hibernate: select posts0_.id as id1_0_, posts0_.created_date as created_2_0_, posts0_.modified_date as modified3_0_, posts0_.author as author4_0_, posts0_.content as content5_0_, posts0_.title as title6_0_ from posts posts0_
Hibernate: delete from posts where id=?
]]></system-out>
  <system-err><![CDATA[]]></system-err>
</testsuite>
