<?xml version="1.0" encoding="UTF-8"?>
<testsuite name="com.moonpeter.book.springboot.web.IndexControllerTest" tests="1" skipped="0" failures="0" errors="0" timestamp="2020-07-20T09:20:39" hostname="purpleworksui-MacBookPro.local" time="0.307">
  <properties/>
  <testcase name="메인페이지_로딩" classname="com.moonpeter.book.springboot.web.IndexControllerTest" time="0.307"/>
  <system-out><![CDATA[18:20:34.819 [Test worker] DEBUG org.springframework.test.context.junit4.SpringJUnit4ClassRunner - SpringJUnit4ClassRunner constructor called with [class com.moonpeter.book.springboot.web.IndexControllerTest]
18:20:34.826 [Test worker] DEBUG org.springframework.test.context.BootstrapUtils - Instantiating CacheAwareContextLoaderDelegate from class [org.springframework.test.context.cache.DefaultCacheAwareContextLoaderDelegate]
18:20:34.835 [Test worker] DEBUG org.springframework.test.context.BootstrapUtils - Instantiating BootstrapContext using constructor [public org.springframework.test.context.support.DefaultBootstrapContext(java.lang.Class,org.springframework.test.context.CacheAwareContextLoaderDelegate)]
18:20:34.856 [Test worker] DEBUG org.springframework.test.context.BootstrapUtils - Instantiating TestContextBootstrapper for test class [com.moonpeter.book.springboot.web.IndexControllerTest] from class [org.springframework.boot.test.context.SpringBootTestContextBootstrapper]
18:20:34.867 [Test worker] INFO org.springframework.boot.test.context.SpringBootTestContextBootstrapper - Neither @ContextConfiguration nor @ContextHierarchy found for test class [com.moonpeter.book.springboot.web.IndexControllerTest], using SpringBootContextLoader
18:20:34.872 [Test worker] DEBUG org.springframework.test.context.support.AbstractContextLoader - Did not detect default resource location for test class [com.moonpeter.book.springboot.web.IndexControllerTest]: class path resource [com/moonpeter/book/springboot/web/IndexControllerTest-context.xml] does not exist
18:20:34.873 [Test worker] DEBUG org.springframework.test.context.support.AbstractContextLoader - Did not detect default resource location for test class [com.moonpeter.book.springboot.web.IndexControllerTest]: class path resource [com/moonpeter/book/springboot/web/IndexControllerTestContext.groovy] does not exist
18:20:34.874 [Test worker] INFO org.springframework.test.context.support.AbstractContextLoader - Could not detect default resource locations for test class [com.moonpeter.book.springboot.web.IndexControllerTest]: no resource found for suffixes {-context.xml, Context.groovy}.
18:20:34.875 [Test worker] INFO org.springframework.test.context.support.AnnotationConfigContextLoaderUtils - Could not detect default configuration classes for test class [com.moonpeter.book.springboot.web.IndexControllerTest]: IndexControllerTest does not declare any static, non-private, non-final, nested classes annotated with @Configuration.
18:20:34.909 [Test worker] DEBUG org.springframework.test.context.support.ActiveProfilesUtils - Could not find an 'annotation declaring class' for annotation type [org.springframework.test.context.ActiveProfiles] and class [com.moonpeter.book.springboot.web.IndexControllerTest]
18:20:34.990 [Test worker] DEBUG org.springframework.context.annotation.ClassPathScanningCandidateComponentProvider - Identified candidate component class: file [/Users/purpleworks/projects/self/book-sprignboot22-webservice/build/classes/java/main/com/moonpeter/book/springboot/Application.class]
18:20:34.991 [Test worker] INFO org.springframework.boot.test.context.SpringBootTestContextBootstrapper - Found @SpringBootConfiguration com.moonpeter.book.springboot.Application for test class com.moonpeter.book.springboot.web.IndexControllerTest
18:20:35.060 [Test worker] DEBUG org.springframework.boot.test.context.SpringBootTestContextBootstrapper - @TestExecutionListeners is not present for class [com.moonpeter.book.springboot.web.IndexControllerTest]: using defaults.
18:20:35.061 [Test worker] INFO org.springframework.boot.test.context.SpringBootTestContextBootstrapper - Loaded default TestExecutionListener class names from location [META-INF/spring.factories]: [org.springframework.boot.test.autoconfigure.restdocs.RestDocsTestExecutionListener, org.springframework.boot.test.autoconfigure.web.client.MockRestServiceServerResetTestExecutionListener, org.springframework.boot.test.autoconfigure.web.servlet.MockMvcPrintOnlyOnFailureTestExecutionListener, org.springframework.boot.test.autoconfigure.web.servlet.WebDriverTestExecutionListener, org.springframework.boot.test.mock.mockito.MockitoTestExecutionListener, org.springframework.boot.test.mock.mockito.ResetMocksTestExecutionListener, org.springframework.test.context.web.ServletTestExecutionListener, org.springframework.test.context.support.DirtiesContextBeforeModesTestExecutionListener, org.springframework.test.context.support.DependencyInjectionTestExecutionListener, org.springframework.test.context.support.DirtiesContextTestExecutionListener, org.springframework.test.context.transaction.TransactionalTestExecutionListener, org.springframework.test.context.jdbc.SqlScriptsTestExecutionListener]
18:20:35.076 [Test worker] INFO org.springframework.boot.test.context.SpringBootTestContextBootstrapper - Using TestExecutionListeners: [org.springframework.test.context.web.ServletTestExecutionListener@4dcda23e, org.springframework.test.context.support.DirtiesContextBeforeModesTestExecutionListener@62db942b, org.springframework.boot.test.mock.mockito.MockitoTestExecutionListener@584d8313, org.springframework.boot.test.autoconfigure.SpringBootDependencyInjectionTestExecutionListener@458e34ef, org.springframework.test.context.support.DirtiesContextTestExecutionListener@65f2a232, org.springframework.test.context.transaction.TransactionalTestExecutionListener@5b36186b, org.springframework.test.context.jdbc.SqlScriptsTestExecutionListener@6fd74d05, org.springframework.boot.test.autoconfigure.restdocs.RestDocsTestExecutionListener@5b4a255c, org.springframework.boot.test.autoconfigure.web.client.MockRestServiceServerResetTestExecutionListener@2b59ef35, org.springframework.boot.test.autoconfigure.web.servlet.MockMvcPrintOnlyOnFailureTestExecutionListener@40c75f75, org.springframework.boot.test.autoconfigure.web.servlet.WebDriverTestExecutionListener@15ad8d0d, org.springframework.boot.test.mock.mockito.ResetMocksTestExecutionListener@1f473a21]
18:20:35.079 [Test worker] DEBUG org.springframework.test.annotation.ProfileValueUtils - Retrieved @ProfileValueSourceConfiguration [null] for test class [com.moonpeter.book.springboot.web.IndexControllerTest]
18:20:35.079 [Test worker] DEBUG org.springframework.test.annotation.ProfileValueUtils - Retrieved ProfileValueSource type [class org.springframework.test.annotation.SystemProfileValueSource] for class [com.moonpeter.book.springboot.web.IndexControllerTest]
18:20:35.083 [Test worker] DEBUG org.springframework.test.annotation.ProfileValueUtils - Retrieved @ProfileValueSourceConfiguration [null] for test class [com.moonpeter.book.springboot.web.IndexControllerTest]
18:20:35.083 [Test worker] DEBUG org.springframework.test.annotation.ProfileValueUtils - Retrieved ProfileValueSource type [class org.springframework.test.annotation.SystemProfileValueSource] for class [com.moonpeter.book.springboot.web.IndexControllerTest]
18:20:35.084 [Test worker] DEBUG org.springframework.test.annotation.ProfileValueUtils - Retrieved @ProfileValueSourceConfiguration [null] for test class [com.moonpeter.book.springboot.web.IndexControllerTest]
18:20:35.084 [Test worker] DEBUG org.springframework.test.annotation.ProfileValueUtils - Retrieved ProfileValueSource type [class org.springframework.test.annotation.SystemProfileValueSource] for class [com.moonpeter.book.springboot.web.IndexControllerTest]
18:20:35.089 [Test worker] DEBUG org.springframework.test.context.support.AbstractDirtiesContextTestExecutionListener - Before test class: context [DefaultTestContext@7a4e4ef2 testClass = IndexControllerTest, testInstance = [null], testMethod = [null], testException = [null], mergedContextConfiguration = [WebMergedContextConfiguration@5074be70 testClass = IndexControllerTest, locations = '{}', classes = '{class com.moonpeter.book.springboot.Application}', contextInitializerClasses = '[]', activeProfiles = '{}', propertySourceLocations = '{}', propertySourceProperties = '{org.springframework.boot.test.context.SpringBootTestContextBootstrapper=true, server.port=0}', contextCustomizers = set[org.springframework.boot.test.autoconfigure.properties.PropertyMappingContextCustomizer@0, org.springframework.boot.test.autoconfigure.web.servlet.WebDriverContextCustomizerFactory$Customizer@47c87925, org.springframework.boot.test.context.filter.ExcludeFilterContextCustomizer@148d1fbe, org.springframework.boot.test.json.DuplicateJsonObjectContextCustomizerFactory$DuplicateJsonObjectContextCustomizer@1865de9b, org.springframework.boot.test.mock.mockito.MockitoContextCustomizer@0, org.springframework.boot.test.web.client.TestRestTemplateContextCustomizer@27f1bc98], resourceBasePath = 'src/main/webapp', contextLoader = 'org.springframework.boot.test.context.SpringBootContextLoader', parent = [null]], attributes = map['org.springframework.test.context.web.ServletTestExecutionListener.activateListener' -> false]], class annotated with @DirtiesContext [false] with mode [null].
18:20:35.090 [Test worker] DEBUG org.springframework.test.annotation.ProfileValueUtils - Retrieved @ProfileValueSourceConfiguration [null] for test class [com.moonpeter.book.springboot.web.IndexControllerTest]
18:20:35.090 [Test worker] DEBUG org.springframework.test.annotation.ProfileValueUtils - Retrieved ProfileValueSource type [class org.springframework.test.annotation.SystemProfileValueSource] for class [com.moonpeter.book.springboot.web.IndexControllerTest]
18:20:35.093 [Test worker] DEBUG org.springframework.test.context.support.DependencyInjectionTestExecutionListener - Performing dependency injection for test context [[DefaultTestContext@7a4e4ef2 testClass = IndexControllerTest, testInstance = com.moonpeter.book.springboot.web.IndexControllerTest@4c28e6de, testMethod = [null], testException = [null], mergedContextConfiguration = [WebMergedContextConfiguration@5074be70 testClass = IndexControllerTest, locations = '{}', classes = '{class com.moonpeter.book.springboot.Application}', contextInitializerClasses = '[]', activeProfiles = '{}', propertySourceLocations = '{}', propertySourceProperties = '{org.springframework.boot.test.context.SpringBootTestContextBootstrapper=true, server.port=0}', contextCustomizers = set[org.springframework.boot.test.autoconfigure.properties.PropertyMappingContextCustomizer@0, org.springframework.boot.test.autoconfigure.web.servlet.WebDriverContextCustomizerFactory$Customizer@47c87925, org.springframework.boot.test.context.filter.ExcludeFilterContextCustomizer@148d1fbe, org.springframework.boot.test.json.DuplicateJsonObjectContextCustomizerFactory$DuplicateJsonObjectContextCustomizer@1865de9b, org.springframework.boot.test.mock.mockito.MockitoContextCustomizer@0, org.springframework.boot.test.web.client.TestRestTemplateContextCustomizer@27f1bc98], resourceBasePath = 'src/main/webapp', contextLoader = 'org.springframework.boot.test.context.SpringBootContextLoader', parent = [null]], attributes = map['org.springframework.test.context.web.ServletTestExecutionListener.activateListener' -> false]]].
18:20:35.109 [Test worker] DEBUG org.springframework.test.context.support.TestPropertySourceUtils - Adding inlined properties to environment: {spring.jmx.enabled=false, org.springframework.boot.test.context.SpringBootTestContextBootstrapper=true, server.port=0}

  .   ____          _            __ _ _
 /\\ / ___'_ __ _ _(_)_ __  __ _ \ \ \ \
( ( )\___ | '_ | '_| | '_ \/ _` | \ \ \ \
 \\/  ___)| |_)| | | | | || (_| |  ) ) ) )
  '  |____| .__|_| |_|_| |_\__, | / / / /
 =========|_|==============|___/=/_/_/_/
 :: Spring Boot ::        (v2.1.7.RELEASE)

2020-07-20 18:20:35.363  INFO 34947 --- [    Test worker] c.m.b.s.web.IndexControllerTest          : Starting IndexControllerTest on purpleworksui-MacBookPro.local with PID 34947 (started by purpleworks in /Users/purpleworks/projects/self/book-sprignboot22-webservice)
2020-07-20 18:20:35.365  INFO 34947 --- [    Test worker] c.m.b.s.web.IndexControllerTest          : No active profile set, falling back to default profiles: default
2020-07-20 18:20:36.099  INFO 34947 --- [    Test worker] .s.d.r.c.RepositoryConfigurationDelegate : Bootstrapping Spring Data repositories in DEFAULT mode.
2020-07-20 18:20:36.166  INFO 34947 --- [    Test worker] .s.d.r.c.RepositoryConfigurationDelegate : Finished Spring Data repository scanning in 57ms. Found 1 repository interfaces.
2020-07-20 18:20:36.573  INFO 34947 --- [    Test worker] trationDelegate$BeanPostProcessorChecker : Bean 'org.springframework.transaction.annotation.ProxyTransactionManagementConfiguration' of type [org.springframework.transaction.annotation.ProxyTransactionManagementConfiguration$$EnhancerBySpringCGLIB$$629d43a9] is not eligible for getting processed by all BeanPostProcessors (for example: not eligible for auto-proxying)
2020-07-20 18:20:36.939  INFO 34947 --- [    Test worker] o.s.b.w.embedded.tomcat.TomcatWebServer  : Tomcat initialized with port(s): 0 (http)
2020-07-20 18:20:36.971  INFO 34947 --- [    Test worker] o.apache.catalina.core.StandardService   : Starting service [Tomcat]
2020-07-20 18:20:36.971  INFO 34947 --- [    Test worker] org.apache.catalina.core.StandardEngine  : Starting Servlet engine: [Apache Tomcat/9.0.22]
2020-07-20 18:20:37.107  INFO 34947 --- [    Test worker] o.a.c.c.C.[Tomcat].[localhost].[/]       : Initializing Spring embedded WebApplicationContext
2020-07-20 18:20:37.107  INFO 34947 --- [    Test worker] o.s.web.context.ContextLoader            : Root WebApplicationContext: initialization completed in 1718 ms
2020-07-20 18:20:37.375  INFO 34947 --- [    Test worker] com.zaxxer.hikari.HikariDataSource       : HikariPool-1 - Starting...
2020-07-20 18:20:37.517  INFO 34947 --- [    Test worker] com.zaxxer.hikari.HikariDataSource       : HikariPool-1 - Start completed.
2020-07-20 18:20:37.597  INFO 34947 --- [    Test worker] o.hibernate.jpa.internal.util.LogHelper  : HHH000204: Processing PersistenceUnitInfo [
	name: default
	...]
2020-07-20 18:20:37.657  INFO 34947 --- [    Test worker] org.hibernate.Version                    : HHH000412: Hibernate Core {5.3.10.Final}
2020-07-20 18:20:37.659  INFO 34947 --- [    Test worker] org.hibernate.cfg.Environment            : HHH000206: hibernate.properties not found
2020-07-20 18:20:37.779  INFO 34947 --- [    Test worker] o.hibernate.annotations.common.Version   : HCANN000001: Hibernate Commons Annotations {5.0.4.Final}
2020-07-20 18:20:37.909  INFO 34947 --- [    Test worker] org.hibernate.dialect.Dialect            : HHH000400: Using dialect: org.hibernate.dialect.MySQL5InnoDBDialect
Hibernate: drop table if exists posts
Hibernate: create table posts (id bigint not null auto_increment, created_date datetime, modified_date datetime, author varchar(255), content TEXT not null, title varchar(500) not null, primary key (id)) engine=InnoDB
2020-07-20 18:20:38.459  INFO 34947 --- [    Test worker] o.h.t.schema.internal.SchemaCreatorImpl  : HHH000476: Executing import script 'org.hibernate.tool.schema.internal.exec.ScriptSourceInputNonExistentImpl@26a7b941'
2020-07-20 18:20:38.463  INFO 34947 --- [    Test worker] j.LocalContainerEntityManagerFactoryBean : Initialized JPA EntityManagerFactory for persistence unit 'default'
2020-07-20 18:20:39.027  INFO 34947 --- [    Test worker] o.s.s.concurrent.ThreadPoolTaskExecutor  : Initializing ExecutorService 'applicationTaskExecutor'
2020-07-20 18:20:39.072  WARN 34947 --- [    Test worker] aWebConfiguration$JpaWebMvcConfiguration : spring.jpa.open-in-view is enabled by default. Therefore, database queries may be performed during view rendering. Explicitly configure spring.jpa.open-in-view to disable this warning
2020-07-20 18:20:39.115  INFO 34947 --- [    Test worker] o.s.b.a.w.s.WelcomePageHandlerMapping    : Adding welcome page template: index
2020-07-20 18:20:39.396  INFO 34947 --- [    Test worker] o.s.b.w.embedded.tomcat.TomcatWebServer  : Tomcat started on port(s): 49201 (http) with context path ''
2020-07-20 18:20:39.399  INFO 34947 --- [    Test worker] c.m.b.s.web.IndexControllerTest          : Started IndexControllerTest in 4.288 seconds (JVM running for 5.108)
2020-07-20 18:20:39.596  INFO 34947 --- [o-auto-1-exec-1] o.a.c.c.C.[Tomcat].[localhost].[/]       : Initializing Spring DispatcherServlet 'dispatcherServlet'
2020-07-20 18:20:39.597  INFO 34947 --- [o-auto-1-exec-1] o.s.web.servlet.DispatcherServlet        : Initializing Servlet 'dispatcherServlet'
2020-07-20 18:20:39.618  INFO 34947 --- [o-auto-1-exec-1] o.s.web.servlet.DispatcherServlet        : Completed initialization in 21 ms
]]></system-out>
  <system-err><![CDATA[]]></system-err>
</testsuite>
