<?xml version="1.0" encoding="UTF-8"?>
<testsuite name="com.moonpeter.book.springboot.web.dto.HelloResponseDtoTest" tests="1" skipped="0" failures="0" errors="0" timestamp="2020-07-24T02:34:23" hostname="purpleworksui-MacBookPro.local" time="0.044">
  <properties/>
  <testcase name="롬복_기능_테스트" classname="com.moonpeter.book.springboot.web.dto.HelloResponseDtoTest" time="0.044"/>
  <system-out><![CDATA[]]></system-out>
  <system-err><![CDATA[]]></system-err>
</testsuite>
