<?xml version="1.0" encoding="UTF-8"?>
<testsuite name="com.moonpeter.book.springboot.domain.posts.PostsRepositoryTest" tests="2" skipped="0" failures="0" errors="0" timestamp="2020-07-24T02:34:29" hostname="purpleworksui-MacBookPro.local" time="0.032">
  <properties/>
  <testcase name="게시글저장_불러오기" classname="com.moonpeter.book.springboot.domain.posts.PostsRepositoryTest" time="0.023"/>
  <testcase name="BaseTimeEntity_등록" classname="com.moonpeter.book.springboot.domain.posts.PostsRepositoryTest" time="0.008"/>
  <system-out><![CDATA[2020-07-24 11:34:28.333  INFO 7417 --- [    Test worker] .b.t.c.SpringBootTestContextBootstrapper : Neither @ContextConfiguration nor @ContextHierarchy found for test class [com.moonpeter.book.springboot.domain.posts.PostsRepositoryTest], using SpringBootContextLoader
2020-07-24 11:34:28.333  INFO 7417 --- [    Test worker] o.s.t.c.support.AbstractContextLoader    : Could not detect default resource locations for test class [com.moonpeter.book.springboot.domain.posts.PostsRepositoryTest]: no resource found for suffixes {-context.xml, Context.groovy}.
2020-07-24 11:34:28.334  INFO 7417 --- [    Test worker] t.c.s.AnnotationConfigContextLoaderUtils : Could not detect default configuration classes for test class [com.moonpeter.book.springboot.domain.posts.PostsRepositoryTest]: PostsRepositoryTest does not declare any static, non-private, non-final, nested classes annotated with @Configuration.
2020-07-24 11:34:28.340  INFO 7417 --- [    Test worker] .b.t.c.SpringBootTestContextBootstrapper : Found @SpringBootConfiguration com.moonpeter.book.springboot.Application for test class com.moonpeter.book.springboot.domain.posts.PostsRepositoryTest
2020-07-24 11:34:28.342  INFO 7417 --- [    Test worker] .b.t.c.SpringBootTestContextBootstrapper : Loaded default TestExecutionListener class names from location [META-INF/spring.factories]: [org.springframework.security.test.context.support.WithSecurityContextTestExecutionListener, org.springframework.security.test.context.support.ReactorContextTestExecutionListener, org.springframework.boot.test.autoconfigure.restdocs.RestDocsTestExecutionListener, org.springframework.boot.test.autoconfigure.web.client.MockRestServiceServerResetTestExecutionListener, org.springframework.boot.test.autoconfigure.web.servlet.MockMvcPrintOnlyOnFailureTestExecutionListener, org.springframework.boot.test.autoconfigure.web.servlet.WebDriverTestExecutionListener, org.springframework.boot.test.mock.mockito.MockitoTestExecutionListener, org.springframework.boot.test.mock.mockito.ResetMocksTestExecutionListener, org.springframework.test.context.web.ServletTestExecutionListener, org.springframework.test.context.support.DirtiesContextBeforeModesTestExecutionListener, org.springframework.test.context.support.DependencyInjectionTestExecutionListener, org.springframework.test.context.support.DirtiesContextTestExecutionListener, org.springframework.test.context.transaction.TransactionalTestExecutionListener, org.springframework.test.context.jdbc.SqlScriptsTestExecutionListener]
2020-07-24 11:34:28.342  INFO 7417 --- [    Test worker] .b.t.c.SpringBootTestContextBootstrapper : Using TestExecutionListeners: [org.springframework.test.context.web.ServletTestExecutionListener@6e83c19a, org.springframework.test.context.support.DirtiesContextBeforeModesTestExecutionListener@3b24bd97, org.springframework.boot.test.mock.mockito.MockitoTestExecutionListener@4f0a19b, org.springframework.boot.test.autoconfigure.SpringBootDependencyInjectionTestExecutionListener@4ee3b8b1, org.springframework.test.context.support.DirtiesContextTestExecutionListener@3e9c3fe6, org.springframework.test.context.transaction.TransactionalTestExecutionListener@204af5a7, org.springframework.test.context.jdbc.SqlScriptsTestExecutionListener@2137744c, org.springframework.security.test.context.support.WithSecurityContextTestExecutionListener@72c276eb, org.springframework.security.test.context.support.ReactorContextTestExecutionListener@2d7e145a, org.springframework.boot.test.autoconfigure.restdocs.RestDocsTestExecutionListener@5aee2b9f, org.springframework.boot.test.autoconfigure.web.client.MockRestServiceServerResetTestExecutionListener@4061b19a, org.springframework.boot.test.autoconfigure.web.servlet.MockMvcPrintOnlyOnFailureTestExecutionListener@2175f253, org.springframework.boot.test.autoconfigure.web.servlet.WebDriverTestExecutionListener@7cf4fee3, org.springframework.boot.test.mock.mockito.ResetMocksTestExecutionListener@57ed8031]

  .   ____          _            __ _ _
 /\\ / ___'_ __ _ _(_)_ __  __ _ \ \ \ \
( ( )\___ | '_ | '_| | '_ \/ _` | \ \ \ \
 \\/  ___)| |_)| | | | | || (_| |  ) ) ) )
  '  |____| .__|_| |_|_| |_\__, | / / / /
 =========|_|==============|___/=/_/_/_/
 :: Spring Boot ::        (v2.1.7.RELEASE)

2020-07-24 11:34:28.367  INFO 7417 --- [    Test worker] c.m.b.s.d.posts.PostsRepositoryTest      : Starting PostsRepositoryTest on purpleworksui-MacBookPro.local with PID 7417 (started by purpleworks in /Users/purpleworks/projects/self/book-sprignboot22-webservice)
2020-07-24 11:34:28.367  INFO 7417 --- [    Test worker] c.m.b.s.d.posts.PostsRepositoryTest      : No active profile set, falling back to default profiles: default
2020-07-24 11:34:28.545  INFO 7417 --- [    Test worker] .s.d.r.c.RepositoryConfigurationDelegate : Bootstrapping Spring Data repositories in DEFAULT mode.
2020-07-24 11:34:28.562  INFO 7417 --- [    Test worker] .s.d.r.c.RepositoryConfigurationDelegate : Finished Spring Data repository scanning in 17ms. Found 2 repository interfaces.
2020-07-24 11:34:28.658  INFO 7417 --- [    Test worker] trationDelegate$BeanPostProcessorChecker : Bean 'org.springframework.transaction.annotation.ProxyTransactionManagementConfiguration' of type [org.springframework.transaction.annotation.ProxyTransactionManagementConfiguration$$EnhancerBySpringCGLIB$$2a78f840] is not eligible for getting processed by all BeanPostProcessors (for example: not eligible for auto-proxying)
2020-07-24 11:34:28.740  INFO 7417 --- [    Test worker] com.zaxxer.hikari.HikariDataSource       : HikariPool-2 - Starting...
2020-07-24 11:34:28.741  INFO 7417 --- [    Test worker] com.zaxxer.hikari.HikariDataSource       : HikariPool-2 - Start completed.
2020-07-24 11:34:28.760  INFO 7417 --- [    Test worker] o.hibernate.jpa.internal.util.LogHelper  : HHH000204: Processing PersistenceUnitInfo [
	name: default
	...]
2020-07-24 11:34:28.769  INFO 7417 --- [    Test worker] org.hibernate.dialect.Dialect            : HHH000400: Using dialect: org.hibernate.dialect.MySQL5InnoDBDialect
Hibernate: drop table if exists posts
Hibernate: drop table if exists user
Hibernate: create table posts (id bigint not null auto_increment, created_date datetime, modified_date datetime, author varchar(255), content TEXT not null, title varchar(500) not null, primary key (id)) engine=InnoDB
Hibernate: create table user (id bigint not null auto_increment, created_date datetime, modified_date datetime, email varchar(255) not null, name varchar(255) not null, picture varchar(255), role varchar(255) not null, primary key (id)) engine=InnoDB
2020-07-24 11:34:28.810  INFO 7417 --- [    Test worker] o.h.t.schema.internal.SchemaCreatorImpl  : HHH000476: Executing import script 'org.hibernate.tool.schema.internal.exec.ScriptSourceInputNonExistentImpl@50c0759b'
2020-07-24 11:34:28.811  INFO 7417 --- [    Test worker] j.LocalContainerEntityManagerFactoryBean : Initialized JPA EntityManagerFactory for persistence unit 'default'
2020-07-24 11:34:29.023  INFO 7417 --- [    Test worker] o.h.h.i.QueryTranslatorFactoryInitiator  : HHH000397: Using ASTQueryTranslatorFactory
2020-07-24 11:34:29.174  INFO 7417 --- [    Test worker] o.s.s.web.DefaultSecurityFilterChain     : Creating filter chain: any request, [org.springframework.security.web.context.request.async.WebAsyncManagerIntegrationFilter@15232132, org.springframework.security.web.context.SecurityContextPersistenceFilter@51f5cbaa, org.springframework.security.web.header.HeaderWriterFilter@784e0dbb, org.springframework.security.web.authentication.logout.LogoutFilter@29dd507c, org.springframework.security.oauth2.client.web.OAuth2AuthorizationRequestRedirectFilter@2a97e9e0, org.springframework.security.oauth2.client.web.OAuth2LoginAuthenticationFilter@3ebc2a64, org.springframework.security.web.authentication.ui.DefaultLoginPageGeneratingFilter@560a698c, org.springframework.security.web.authentication.ui.DefaultLogoutPageGeneratingFilter@403deb24, org.springframework.security.web.savedrequest.RequestCacheAwareFilter@29b0f690, org.springframework.security.web.servletapi.SecurityContextHolderAwareRequestFilter@219b05c8, org.springframework.security.web.authentication.AnonymousAuthenticationFilter@5570d22a, org.springframework.security.web.session.SessionManagementFilter@7dd146f9, org.springframework.security.web.access.ExceptionTranslationFilter@33e96a9e, org.springframework.security.web.access.intercept.FilterSecurityInterceptor@65161ba1]
2020-07-24 11:34:29.411  INFO 7417 --- [    Test worker] o.s.s.concurrent.ThreadPoolTaskExecutor  : Initializing ExecutorService 'applicationTaskExecutor'
2020-07-24 11:34:29.423  WARN 7417 --- [    Test worker] aWebConfiguration$JpaWebMvcConfiguration : spring.jpa.open-in-view is enabled by default. Therefore, database queries may be performed during view rendering. Explicitly configure spring.jpa.open-in-view to disable this warning
2020-07-24 11:34:29.452  INFO 7417 --- [    Test worker] o.s.b.a.w.s.WelcomePageHandlerMapping    : Adding welcome page template: index
2020-07-24 11:34:29.801  INFO 7417 --- [    Test worker] s.a.ScheduledAnnotationBeanPostProcessor : No TaskScheduler/ScheduledExecutorService bean found for scheduled processing
2020-07-24 11:34:29.802  INFO 7417 --- [    Test worker] c.m.b.s.d.posts.PostsRepositoryTest      : Started PostsRepositoryTest in 1.458 seconds (JVM running for 9.856)
Hibernate: insert into posts (created_date, modified_date, author, content, title) values (?, ?, ?, ?, ?)
Hibernate: select posts0_.id as id1_0_, posts0_.created_date as created_2_0_, posts0_.modified_date as modified3_0_, posts0_.author as author4_0_, posts0_.content as content5_0_, posts0_.title as title6_0_ from posts posts0_
Hibernate: select posts0_.id as id1_0_, posts0_.created_date as created_2_0_, posts0_.modified_date as modified3_0_, posts0_.author as author4_0_, posts0_.content as content5_0_, posts0_.title as title6_0_ from posts posts0_
Hibernate: delete from posts where id=?
Hibernate: insert into posts (created_date, modified_date, author, content, title) values (?, ?, ?, ?, ?)
Hibernate: select posts0_.id as id1_0_, posts0_.created_date as created_2_0_, posts0_.modified_date as modified3_0_, posts0_.author as author4_0_, posts0_.content as content5_0_, posts0_.title as title6_0_ from posts posts0_
>>>>>>>>>>>> createDate=2020-07-24T11:34:29.832, modifiedDate=2020-07-24T11:34:29.832
Hibernate: select posts0_.id as id1_0_, posts0_.created_date as created_2_0_, posts0_.modified_date as modified3_0_, posts0_.author as author4_0_, posts0_.content as content5_0_, posts0_.title as title6_0_ from posts posts0_
Hibernate: delete from posts where id=?
]]></system-out>
  <system-err><![CDATA[]]></system-err>
</testsuite>
