<?xml version="1.0" encoding="UTF-8"?>
<testsuite name="com.moonpeter.book.springboot.web.IndexControllerTest" tests="1" skipped="0" failures="0" errors="0" timestamp="2020-07-23T08:57:54" hostname="purpleworksui-MacBookPro.local" time="0.438">
  <properties/>
  <testcase name="메인페이지_로딩" classname="com.moonpeter.book.springboot.web.IndexControllerTest" time="0.438"/>
  <system-out><![CDATA[2020-07-23 17:57:48.107  INFO 90523 --- [    Test worker] .b.t.c.SpringBootTestContextBootstrapper : Neither @ContextConfiguration nor @ContextHierarchy found for test class [com.moonpeter.book.springboot.web.IndexControllerTest], using SpringBootContextLoader
2020-07-23 17:57:48.108  INFO 90523 --- [    Test worker] o.s.t.c.support.AbstractContextLoader    : Could not detect default resource locations for test class [com.moonpeter.book.springboot.web.IndexControllerTest]: no resource found for suffixes {-context.xml, Context.groovy}.
2020-07-23 17:57:48.109  INFO 90523 --- [    Test worker] t.c.s.AnnotationConfigContextLoaderUtils : Could not detect default configuration classes for test class [com.moonpeter.book.springboot.web.IndexControllerTest]: IndexControllerTest does not declare any static, non-private, non-final, nested classes annotated with @Configuration.
2020-07-23 17:57:48.111  INFO 90523 --- [    Test worker] .b.t.c.SpringBootTestContextBootstrapper : Found @SpringBootConfiguration com.moonpeter.book.springboot.Application for test class com.moonpeter.book.springboot.web.IndexControllerTest
2020-07-23 17:57:48.114  INFO 90523 --- [    Test worker] .b.t.c.SpringBootTestContextBootstrapper : Loaded default TestExecutionListener class names from location [META-INF/spring.factories]: [org.springframework.boot.test.autoconfigure.restdocs.RestDocsTestExecutionListener, org.springframework.boot.test.autoconfigure.web.client.MockRestServiceServerResetTestExecutionListener, org.springframework.boot.test.autoconfigure.web.servlet.MockMvcPrintOnlyOnFailureTestExecutionListener, org.springframework.boot.test.autoconfigure.web.servlet.WebDriverTestExecutionListener, org.springframework.boot.test.mock.mockito.MockitoTestExecutionListener, org.springframework.boot.test.mock.mockito.ResetMocksTestExecutionListener, org.springframework.test.context.web.ServletTestExecutionListener, org.springframework.test.context.support.DirtiesContextBeforeModesTestExecutionListener, org.springframework.test.context.support.DependencyInjectionTestExecutionListener, org.springframework.test.context.support.DirtiesContextTestExecutionListener, org.springframework.test.context.transaction.TransactionalTestExecutionListener, org.springframework.test.context.jdbc.SqlScriptsTestExecutionListener]
2020-07-23 17:57:48.114  INFO 90523 --- [    Test worker] .b.t.c.SpringBootTestContextBootstrapper : Using TestExecutionListeners: [org.springframework.test.context.web.ServletTestExecutionListener@2d286824, org.springframework.test.context.support.DirtiesContextBeforeModesTestExecutionListener@32c3a26e, org.springframework.boot.test.mock.mockito.MockitoTestExecutionListener@253c564d, org.springframework.boot.test.autoconfigure.SpringBootDependencyInjectionTestExecutionListener@486994b, org.springframework.test.context.support.DirtiesContextTestExecutionListener@6a01a8b7, org.springframework.test.context.transaction.TransactionalTestExecutionListener@457ea74b, org.springframework.test.context.jdbc.SqlScriptsTestExecutionListener@2b70f97, org.springframework.boot.test.autoconfigure.restdocs.RestDocsTestExecutionListener@324b924b, org.springframework.boot.test.autoconfigure.web.client.MockRestServiceServerResetTestExecutionListener@5568c0a5, org.springframework.boot.test.autoconfigure.web.servlet.MockMvcPrintOnlyOnFailureTestExecutionListener@651c71bc, org.springframework.boot.test.autoconfigure.web.servlet.WebDriverTestExecutionListener@5fed013f, org.springframework.boot.test.mock.mockito.ResetMocksTestExecutionListener@315a1943]

  .   ____          _            __ _ _
 /\\ / ___'_ __ _ _(_)_ __  __ _ \ \ \ \
( ( )\___ | '_ | '_| | '_ \/ _` | \ \ \ \
 \\/  ___)| |_)| | | | | || (_| |  ) ) ) )
  '  |____| .__|_| |_|_| |_\__, | / / / /
 =========|_|==============|___/=/_/_/_/
 :: Spring Boot ::        (v2.1.7.RELEASE)

2020-07-23 17:57:48.173  INFO 90523 --- [    Test worker] c.m.b.s.web.IndexControllerTest          : Starting IndexControllerTest on purpleworksui-MacBookPro.local with PID 90523 (started by purpleworks in /Users/purpleworks/projects/self/book-sprignboot22-webservice)
2020-07-23 17:57:48.174  INFO 90523 --- [    Test worker] c.m.b.s.web.IndexControllerTest          : The following profiles are active: oauth
2020-07-23 17:57:48.528  INFO 90523 --- [    Test worker] .s.d.r.c.RepositoryConfigurationDelegate : Bootstrapping Spring Data repositories in DEFAULT mode.
2020-07-23 17:57:48.661  INFO 90523 --- [    Test worker] .s.d.r.c.RepositoryConfigurationDelegate : Finished Spring Data repository scanning in 121ms. Found 2 repository interfaces.
2020-07-23 17:57:48.958  INFO 90523 --- [    Test worker] trationDelegate$BeanPostProcessorChecker : Bean 'org.springframework.transaction.annotation.ProxyTransactionManagementConfiguration' of type [org.springframework.transaction.annotation.ProxyTransactionManagementConfiguration$$EnhancerBySpringCGLIB$$142b6ec5] is not eligible for getting processed by all BeanPostProcessors (for example: not eligible for auto-proxying)
2020-07-23 17:57:49.315  INFO 90523 --- [    Test worker] o.s.b.w.embedded.tomcat.TomcatWebServer  : Tomcat initialized with port(s): 0 (http)
2020-07-23 17:57:49.353  INFO 90523 --- [    Test worker] o.apache.catalina.core.StandardService   : Starting service [Tomcat]
2020-07-23 17:57:49.354  INFO 90523 --- [    Test worker] org.apache.catalina.core.StandardEngine  : Starting Servlet engine: [Apache Tomcat/9.0.22]
2020-07-23 17:57:49.476  INFO 90523 --- [    Test worker] o.a.c.c.C.[Tomcat].[localhost].[/]       : Initializing Spring embedded WebApplicationContext
2020-07-23 17:57:49.476  INFO 90523 --- [    Test worker] o.s.web.context.ContextLoader            : Root WebApplicationContext: initialization completed in 1300 ms
2020-07-23 17:57:49.792  INFO 90523 --- [    Test worker] com.zaxxer.hikari.HikariDataSource       : HikariPool-1 - Starting...
2020-07-23 17:57:49.960  INFO 90523 --- [    Test worker] com.zaxxer.hikari.HikariDataSource       : HikariPool-1 - Start completed.
2020-07-23 17:57:50.054  INFO 90523 --- [    Test worker] o.hibernate.jpa.internal.util.LogHelper  : HHH000204: Processing PersistenceUnitInfo [
	name: default
	...]
2020-07-23 17:57:50.123  INFO 90523 --- [    Test worker] org.hibernate.Version                    : HHH000412: Hibernate Core {5.3.10.Final}
2020-07-23 17:57:50.125  INFO 90523 --- [    Test worker] org.hibernate.cfg.Environment            : HHH000206: hibernate.properties not found
2020-07-23 17:57:50.279  INFO 90523 --- [    Test worker] o.hibernate.annotations.common.Version   : HCANN000001: Hibernate Commons Annotations {5.0.4.Final}
2020-07-23 17:57:50.432  INFO 90523 --- [    Test worker] org.hibernate.dialect.Dialect            : HHH000400: Using dialect: org.hibernate.dialect.MySQL5InnoDBDialect
Hibernate: drop table if exists posts
Hibernate: drop table if exists user
Hibernate: create table posts (id bigint not null auto_increment, created_date datetime, modified_date datetime, author varchar(255), content TEXT not null, title varchar(500) not null, primary key (id)) engine=InnoDB
Hibernate: create table user (id bigint not null auto_increment, created_date datetime, modified_date datetime, email varchar(255) not null, name varchar(255) not null, picture varchar(255), role varchar(255) not null, primary key (id)) engine=InnoDB
2020-07-23 17:57:51.325  INFO 90523 --- [    Test worker] o.h.t.schema.internal.SchemaCreatorImpl  : HHH000476: Executing import script 'org.hibernate.tool.schema.internal.exec.ScriptSourceInputNonExistentImpl@5a208254'
2020-07-23 17:57:51.328  INFO 90523 --- [    Test worker] j.LocalContainerEntityManagerFactoryBean : Initialized JPA EntityManagerFactory for persistence unit 'default'
2020-07-23 17:57:52.452  INFO 90523 --- [    Test worker] o.h.h.i.QueryTranslatorFactoryInitiator  : HHH000397: Using ASTQueryTranslatorFactory
2020-07-23 17:57:52.907  INFO 90523 --- [    Test worker] o.s.s.web.DefaultSecurityFilterChain     : Creating filter chain: any request, [org.springframework.security.web.context.request.async.WebAsyncManagerIntegrationFilter@5f1204d9, org.springframework.security.web.context.SecurityContextPersistenceFilter@35a74c10, org.springframework.security.web.header.HeaderWriterFilter@51308e0f, org.springframework.security.web.authentication.logout.LogoutFilter@1904cc6e, org.springframework.security.oauth2.client.web.OAuth2AuthorizationRequestRedirectFilter@1aa7b04f, org.springframework.security.oauth2.client.web.OAuth2LoginAuthenticationFilter@4c8464f0, org.springframework.security.web.authentication.ui.DefaultLoginPageGeneratingFilter@60324be6, org.springframework.security.web.authentication.ui.DefaultLogoutPageGeneratingFilter@63b90599, org.springframework.security.web.savedrequest.RequestCacheAwareFilter@460c49b7, org.springframework.security.web.servletapi.SecurityContextHolderAwareRequestFilter@5ec8782b, org.springframework.security.web.authentication.AnonymousAuthenticationFilter@1457b37f, org.springframework.security.web.session.SessionManagementFilter@20f9e95d, org.springframework.security.web.access.ExceptionTranslationFilter@6b6801cc, org.springframework.security.web.access.intercept.FilterSecurityInterceptor@155d9963]
2020-07-23 17:57:53.357  INFO 90523 --- [    Test worker] o.s.s.concurrent.ThreadPoolTaskExecutor  : Initializing ExecutorService 'applicationTaskExecutor'
2020-07-23 17:57:53.511  WARN 90523 --- [    Test worker] aWebConfiguration$JpaWebMvcConfiguration : spring.jpa.open-in-view is enabled by default. Therefore, database queries may be performed during view rendering. Explicitly configure spring.jpa.open-in-view to disable this warning
2020-07-23 17:57:53.680  INFO 90523 --- [    Test worker] o.s.b.a.w.s.WelcomePageHandlerMapping    : Adding welcome page template: index
2020-07-23 17:57:54.585  INFO 90523 --- [    Test worker] s.a.ScheduledAnnotationBeanPostProcessor : No TaskScheduler/ScheduledExecutorService bean found for scheduled processing
2020-07-23 17:57:54.637  INFO 90523 --- [    Test worker] o.s.b.w.embedded.tomcat.TomcatWebServer  : Tomcat started on port(s): 63861 (http) with context path ''
2020-07-23 17:57:54.640  INFO 90523 --- [    Test worker] c.m.b.s.web.IndexControllerTest          : Started IndexControllerTest in 6.517 seconds (JVM running for 10.031)
2020-07-23 17:57:54.877  INFO 90523 --- [o-auto-1-exec-1] o.a.c.c.C.[Tomcat].[localhost].[/]       : Initializing Spring DispatcherServlet 'dispatcherServlet'
2020-07-23 17:57:54.878  INFO 90523 --- [o-auto-1-exec-1] o.s.web.servlet.DispatcherServlet        : Initializing Servlet 'dispatcherServlet'
2020-07-23 17:57:54.903  INFO 90523 --- [o-auto-1-exec-1] o.s.web.servlet.DispatcherServlet        : Completed initialization in 25 ms
Hibernate: select posts0_.id as id1_0_, posts0_.created_date as created_2_0_, posts0_.modified_date as modified3_0_, posts0_.author as author4_0_, posts0_.content as content5_0_, posts0_.title as title6_0_ from posts posts0_ order by posts0_.id DESC
]]></system-out>
  <system-err><![CDATA[]]></system-err>
</testsuite>
